ISim log file
Running: C:\School\EC551\Lab1\lab1\lab1_test_isim_beh.exe -intstyle ise -gui -tclbatch isim.cmd -wdb C:/School/EC551/Lab1/lab1/lab1_test_isim_beh.wdb 
ISim P.28xd (signature 0xa0883be4)
----------------------------------------------------------------------
INFO:Security:50 - The XILINXD_LICENSE_FILE environment variable is set to '2100@xilinxlm.bu.edu'.
INFO:Security:52 - The LM_LICENSE_FILE environment variable is set to '2100@xilinxlm.bu.edu;1717@mentor.bu.edu'.
WARNING:Security:43 - No license file was found in the standard Xilinx license directory.
WARNING:Security:44 - Since no license file was found,
       please run the Xilinx License Configuration Manager
       (xlcm or "Manage Xilinx Licenses")
       to assist in obtaining a license.
WARNING:Security:42 - Your software subscription period has lapsed. Your current version of Xilinx tools will continue to function, but you no longer qualify for Xilinx software updates or new releases.


----------------------------------------------------------------------
This is a Full version of ISim.
Time resolution is 1 ps
# onerror resume
# wave add /
# run 1 s
Simulator is doing circuit initialization process.
Finished circuit initialization process.
Stopped at time : 38455865 ns : File "C:/School/EC551/Lab1/lab1/lab1_test.v" Line 85
# restart
# run 1.00ms
Simulator is doing circuit initialization process.
Finished circuit initialization process.
# restart
# run 1.00ms
Simulator is doing circuit initialization process.
Finished circuit initialization process.
ISim P.28xd (signature 0xa0883be4)
----------------------------------------------------------------------
INFO:Security:50 - The XILINXD_LICENSE_FILE environment variable is set to '2100@xilinxlm.bu.edu'.
INFO:Security:52 - The LM_LICENSE_FILE environment variable is set to '2100@xilinxlm.bu.edu;1717@mentor.bu.edu'.
WARNING:Security:43 - No license file was found in the standard Xilinx license directory.
WARNING:Security:44 - Since no license file was found,
       please run the Xilinx License Configuration Manager
       (xlcm or "Manage Xilinx Licenses")
       to assist in obtaining a license.
WARNING:Security:42 - Your software subscription period has lapsed. Your current version of Xilinx tools will continue to function, but you no longer qualify for Xilinx software updates or new releases.


----------------------------------------------------------------------
This is a Full version of ISim.
# run 1 s
Simulator is doing circuit initialization process.
Finished circuit initialization process.
Stopped at time : 93612025 ns : File "C:/School/EC551/Lab1/lab1/lab1.v" Line 464
# restart
# run 1.00ms
Simulator is doing circuit initialization process.
Finished circuit initialization process.
ISim P.28xd (signature 0xa0883be4)
----------------------------------------------------------------------
INFO:Security:50 - The XILINXD_LICENSE_FILE environment variable is set to '2100@xilinxlm.bu.edu'.
INFO:Security:52 - The LM_LICENSE_FILE environment variable is set to '2100@xilinxlm.bu.edu;1717@mentor.bu.edu'.
WARNING:Security:43 - No license file was found in the standard Xilinx license directory.
WARNING:Security:44 - Since no license file was found,
       please run the Xilinx License Configuration Manager
       (xlcm or "Manage Xilinx Licenses")
       to assist in obtaining a license.
WARNING:Security:42 - Your software subscription period has lapsed. Your current version of Xilinx tools will continue to function, but you no longer qualify for Xilinx software updates or new releases.


----------------------------------------------------------------------
This is a Full version of ISim.
# run 1 s
Simulator is doing circuit initialization process.
Finished circuit initialization process.
Stopped at time : 76986140 ns : File "C:/School/EC551/Lab1/lab1/lab1_test.v" Line 86
# restart
# run 1.00ms
Simulator is doing circuit initialization process.
Finished circuit initialization process.
